0 info it worked if it ends with ok
1 verbose cli [ 'D:\\Program Files D\\nodejs\\node.exe',
1 verbose cli   'D:\\Program Files D\\nodejs\\node_modules\\npm\\bin\\npm-cli.js',
1 verbose cli   'start' ]
2 info using npm@3.10.10
3 info using node@v6.9.4
4 verbose run-script [ 'prestart', 'start', 'poststart' ]
5 info lifecycle todo@1.0.0~prestart: todo@1.0.0
6 silly lifecycle todo@1.0.0~prestart: no script for prestart, continuing
7 info lifecycle todo@1.0.0~start: todo@1.0.0
8 verbose lifecycle todo@1.0.0~start: unsafe-perm in lifecycle true
9 verbose lifecycle todo@1.0.0~start: PATH: D:\Program Files D\nodejs\node_modules\npm\bin\node-gyp-bin;G:\[Document]\Travail\dev\nodejs\TenWatcher\node_modules\.bin;C:\ProgramData\Oracle\Java\javapath;C:\Program Files (x86)\Razer Chroma SDK\bin;C:\Program Files\Razer Chroma SDK\bin;C:\Windows\system32;C:\Windows;C:\Windows\System32\Wbem;C:\Windows\System32\WindowsPowerShell\v1.0\;C:\Windows\system32\config\systemprofile\AppData\Local\Microsoft\WindowsApps;C:\ProgramData\ComposerSetup\bin;D:\Program Files D\nodejs\;D:\Program Files D\Git\cmd;D:\Program Files D\Skype\Phone\;D:\Program Files D\CMake\bin;D:\Program Files D\Subversion\bin;C:\WINDOWS\system32;C:\WINDOWS;C:\WINDOWS\System32\Wbem;C:\WINDOWS\System32\WindowsPowerShell\v1.0\;C:\WINDOWS\system32\config\systemprofile\AppData\Local\Microsoft\WindowsApps;C:\Program Files\Microsoft SQL Server\130\Tools\Binn\;D:\Program Files D\PuTTY\;D:\Program Files D\doxygen\bin;C:\Users\Tenrah\AppData\Local\Microsoft\WindowsApps;C:\Users\Tenrah\AppData\Local\atom\bin;D:\wamp64\bin\php\php7.0.0;C:\Users\Tenrah\AppData\Roaming\Composer\vendor\bin;C:\Users\Tenrah\AppData\Roaming\npm;D:\Program Files D\Git\bin\git.exe;C:\Users\Tenrah\AppData\Local\Microsoft\WindowsApps;D:\Program Files D\MongoDB\Server\3.4\bin;
10 verbose lifecycle todo@1.0.0~start: CWD: G:\[Document]\Travail\dev\nodejs\TenWatcher
11 silly lifecycle todo@1.0.0~start: Args: [ '/d /s /c', 'node server.js' ]
12 verbose stack Error: kill ENOSYS
12 verbose stack     at exports._errnoException (util.js:1022:11)
12 verbose stack     at process.kill (internal/process.js:172:13)
12 verbose stack     at process.listener (D:\Program Files D\nodejs\node_modules\npm\node_modules\npmlog\node_modules\gauge\node_modules\signal-exit\index.js:86:15)
12 verbose stack     at emitNone (events.js:91:20)
12 verbose stack     at process.emit (events.js:185:7)
12 verbose stack     at processEmit (D:\Program Files D\nodejs\node_modules\npm\node_modules\npmlog\node_modules\gauge\node_modules\signal-exit\index.js:146:32)
12 verbose stack     at processEmit (D:\Program Files D\nodejs\node_modules\npm\node_modules\npm-registry-client\node_modules\npmlog\node_modules\gauge\node_modules\signal-exit\index.js:146:32)
12 verbose stack     at Signal.wrap.onsignal (internal/process.js:199:44)
13 verbose cwd G:\[Document]\Travail\dev\nodejs\TenWatcher
14 error Windows_NT 10.0.15063
15 error argv "D:\\Program Files D\\nodejs\\node.exe" "D:\\Program Files D\\nodejs\\node_modules\\npm\\bin\\npm-cli.js" "start"
16 error node v6.9.4
17 error npm  v3.10.10
18 error code ENOSYS
19 error errno ENOSYS
20 error syscall kill
21 error kill ENOSYS
22 error If you need help, you may report this error at:
22 error     <https://github.com/npm/npm/issues>
23 verbose exit [ 1, true ]
